app/build/intermediates/manifest_merge_blame_file/debug/manifest-merger-blame-debug-report.txt
1<?xml version="1.0" encoding="utf-8"?>
2<manifest xmlns:android="http://schemas.android.com/apk/res/android"
3    package="com.sarino.rojo.m1p9.itu.mahaiaw"
4    android:versionCode="1"
5    android:versionName="1.0" >
6
7    <uses-sdk
8        android:minSdkVersion="21"
8-->src\main\AndroidManifest.xml
9        android:targetSdkVersion="31" />
9-->src\main\AndroidManifest.xml
10
11    <uses-permission android:name="android.permission.ACCESS_NETWORK_STATE" />
11-->src\main\AndroidManifest.xml:5:5-79
11-->src\main\AndroidManifest.xml:5:22-76
12    <uses-permission android:name="android.permission.INTERNET" />
12-->src\main\AndroidManifest.xml:6:5-67
12-->src\main\AndroidManifest.xml:6:22-64
13
14    <queries>
14-->src\main\AndroidManifest.xml:8:5-12:15
15        <intent>
15-->src\main\AndroidManifest.xml:9:9-11:18
16            <action android:name="com.google.android.youtube.api.service.START" />
16-->src\main\AndroidManifest.xml:10:13-83
16-->src\main\AndroidManifest.xml:10:21-80
17        </intent>
18        <!-- For browser content -->
19        <intent>
19-->[com.google.android.gms:play-services-ads-lite:20.6.0] AndroidManifest.xml:31:9-37:18
20            <action android:name="android.intent.action.VIEW" />
20-->src\main\AndroidManifest.xml:36:17-69
20-->src\main\AndroidManifest.xml:36:25-66
21
22            <category android:name="android.intent.category.BROWSABLE" />
22-->[com.google.android.gms:play-services-ads-lite:20.6.0] AndroidManifest.xml:34:13-74
22-->[com.google.android.gms:play-services-ads-lite:20.6.0] AndroidManifest.xml:34:23-71
23
24            <data android:scheme="https" />
24-->[com.google.android.gms:play-services-ads-lite:20.6.0] AndroidManifest.xml:36:13-44
24-->[com.google.android.gms:play-services-ads-lite:20.6.0] AndroidManifest.xml:36:19-41
25        </intent> <!-- End of browser content -->
26        <!-- For CustomTabsService -->
27        <intent>
27-->[com.google.android.gms:play-services-ads-lite:20.6.0] AndroidManifest.xml:40:9-42:18
28            <action android:name="android.support.customtabs.action.CustomTabsService" />
28-->[com.google.android.gms:play-services-ads-lite:20.6.0] AndroidManifest.xml:41:13-90
28-->[com.google.android.gms:play-services-ads-lite:20.6.0] AndroidManifest.xml:41:21-87
29        </intent>
30    </queries>
31
32    <uses-permission android:name="android.permission.WAKE_LOCK" /> <!-- Required by older versions of Google Play services to create IID tokens -->
32-->[com.google.firebase:firebase-messaging:23.0.5] AndroidManifest.xml:26:5-68
32-->[com.google.firebase:firebase-messaging:23.0.5] AndroidManifest.xml:26:22-65
33    <uses-permission android:name="com.google.android.c2dm.permission.RECEIVE" />
33-->[com.google.firebase:firebase-messaging:23.0.5] AndroidManifest.xml:28:5-82
33-->[com.google.firebase:firebase-messaging:23.0.5] AndroidManifest.xml:28:22-79
34    <uses-permission android:name="com.google.android.finsky.permission.BIND_GET_INSTALL_REFERRER_SERVICE" />
34-->[com.google.android.gms:play-services-measurement:21.0.0] AndroidManifest.xml:26:5-110
34-->[com.google.android.gms:play-services-measurement:21.0.0] AndroidManifest.xml:26:22-107
35    <uses-permission android:name="com.google.android.gms.permission.AD_ID" />
35-->[com.google.android.gms:play-services-measurement-api:21.0.0] AndroidManifest.xml:25:5-79
35-->[com.google.android.gms:play-services-measurement-api:21.0.0] AndroidManifest.xml:25:22-76
36    <uses-permission android:name="android.permission.RECEIVE_BOOT_COMPLETED" />
36-->[androidx.work:work-runtime:2.7.0] AndroidManifest.xml:27:5-81
36-->[androidx.work:work-runtime:2.7.0] AndroidManifest.xml:27:22-78
37    <uses-permission android:name="android.permission.FOREGROUND_SERVICE" />
37-->[androidx.work:work-runtime:2.7.0] AndroidManifest.xml:28:5-77
37-->[androidx.work:work-runtime:2.7.0] AndroidManifest.xml:28:22-74
38
39    <application
39-->src\main\AndroidManifest.xml:15:5-65:19
40        android:name="com.sarino.rojo.m1p9.itu.mahaiaw.customclasses.AppControl"
40-->src\main\AndroidManifest.xml:16:9-81
41        android:allowBackup="false"
41-->src\main\AndroidManifest.xml:17:9-36
42        android:appComponentFactory="androidx.core.app.CoreComponentFactory"
42-->[androidx.core:core:1.7.0] AndroidManifest.xml:24:18-86
43        android:debuggable="true"
44        android:fullBackupContent="false"
44-->src\main\AndroidManifest.xml:18:9-42
45        android:fullBackupOnly="false"
45-->src\main\AndroidManifest.xml:19:9-39
46        android:hardwareAccelerated="true"
46-->src\main\AndroidManifest.xml:20:9-43
47        android:icon="@mipmap/ic_launcher"
47-->src\main\AndroidManifest.xml:21:9-43
48        android:label="@string/app_name"
48-->src\main\AndroidManifest.xml:22:9-41
49        android:largeHeap="true"
49-->src\main\AndroidManifest.xml:23:9-33
50        android:requestLegacyExternalStorage="true"
50-->src\main\AndroidManifest.xml:24:9-52
51        android:roundIcon="@mipmap/ic_launcher_round"
51-->src\main\AndroidManifest.xml:25:9-54
52        android:supportsRtl="true"
52-->src\main\AndroidManifest.xml:26:9-35
53        android:testOnly="true"
54        android:theme="@style/AppTheme"
54-->src\main\AndroidManifest.xml:27:9-40
55        android:usesCleartextTraffic="true" >
55-->src\main\AndroidManifest.xml:28:9-44
56        <activity
56-->src\main\AndroidManifest.xml:30:9-40:20
57            android:name="com.sarino.rojo.m1p9.itu.mahaiaw.activity.SplashActivity"
57-->src\main\AndroidManifest.xml:31:13-84
58            android:exported="true"
58-->src\main\AndroidManifest.xml:33:13-36
59            android:screenOrientation="portrait" >
59-->src\main\AndroidManifest.xml:32:13-49
60            <intent-filter>
60-->src\main\AndroidManifest.xml:34:13-39:29
61                <action android:name="android.intent.action.MAIN" />
61-->src\main\AndroidManifest.xml:35:17-69
61-->src\main\AndroidManifest.xml:35:25-66
62                <action android:name="android.intent.action.VIEW" />
62-->src\main\AndroidManifest.xml:36:17-69
62-->src\main\AndroidManifest.xml:36:25-66
63
64                <category android:name="android.intent.category.LAUNCHER" />
64-->src\main\AndroidManifest.xml:38:17-77
64-->src\main\AndroidManifest.xml:38:27-74
65            </intent-filter>
66        </activity>
67        <activity
67-->src\main\AndroidManifest.xml:42:9-44:52
68            android:name="com.sarino.rojo.m1p9.itu.mahaiaw.activity.Menu"
68-->src\main\AndroidManifest.xml:43:13-74
69            android:screenOrientation="portrait" />
69-->src\main\AndroidManifest.xml:44:13-49
70        <activity
70-->src\main\AndroidManifest.xml:45:9-47:52
71            android:name="com.sarino.rojo.m1p9.itu.mahaiaw.activity.MainActivity"
71-->src\main\AndroidManifest.xml:46:13-82
72            android:screenOrientation="portrait" />
72-->src\main\AndroidManifest.xml:47:13-49
73        <activity
73-->src\main\AndroidManifest.xml:48:9-50:52
74            android:name="com.sarino.rojo.m1p9.itu.mahaiaw.activity.SubActivity"
74-->src\main\AndroidManifest.xml:49:13-81
75            android:screenOrientation="portrait" />
75-->src\main\AndroidManifest.xml:50:13-49
76        <activity
76-->src\main\AndroidManifest.xml:51:9-53:52
77            android:name="com.sarino.rojo.m1p9.itu.mahaiaw.activity.FullScreenActivity"
77-->src\main\AndroidManifest.xml:52:13-88
78            android:screenOrientation="portrait" />
78-->src\main\AndroidManifest.xml:53:13-49
79        <activity
79-->src\main\AndroidManifest.xml:54:9-56:52
80            android:name="com.sarino.rojo.m1p9.itu.mahaiaw.activity.SettingActivity"
80-->src\main\AndroidManifest.xml:55:13-85
81            android:screenOrientation="portrait" />
81-->src\main\AndroidManifest.xml:56:13-49
82
83        <meta-data
83-->src\main\AndroidManifest.xml:58:9-60:60
84            android:name="com.google.android.gms.ads.APPLICATION_ID"
84-->src\main\AndroidManifest.xml:59:13-69
85            android:value="@string/AD_MOB_APPLICATION_ID" />
85-->src\main\AndroidManifest.xml:60:13-58
86        <meta-data
86-->src\main\AndroidManifest.xml:62:9-122
87            android:name="com.google.android.gms.version"
87-->src\main\AndroidManifest.xml:62:20-65
88            android:value="@integer/google_play_services_version" />
88-->src\main\AndroidManifest.xml:62:66-119
89
90        <activity
90-->[com.google.android.gms:play-services-auth:20.0.0] AndroidManifest.xml:23:9-27:75
91            android:name="com.google.android.gms.auth.api.signin.internal.SignInHubActivity"
91-->[com.google.android.gms:play-services-auth:20.0.0] AndroidManifest.xml:24:13-93
92            android:excludeFromRecents="true"
92-->[com.google.android.gms:play-services-auth:20.0.0] AndroidManifest.xml:25:13-46
93            android:exported="false"
93-->[com.google.android.gms:play-services-auth:20.0.0] AndroidManifest.xml:26:13-37
94            android:theme="@android:style/Theme.Translucent.NoTitleBar" />
94-->[com.google.android.gms:play-services-auth:20.0.0] AndroidManifest.xml:27:13-72
95        <!--
96            Service handling Google Sign-In user revocation. For apps that do not integrate with
97            Google Sign-In, this service will never be started.
98        -->
99        <service
99-->[com.google.android.gms:play-services-auth:20.0.0] AndroidManifest.xml:33:9-37:51
100            android:name="com.google.android.gms.auth.api.signin.RevocationBoundService"
100-->[com.google.android.gms:play-services-auth:20.0.0] AndroidManifest.xml:34:13-89
101            android:exported="true"
101-->[com.google.android.gms:play-services-auth:20.0.0] AndroidManifest.xml:35:13-36
102            android:permission="com.google.android.gms.auth.api.signin.permission.REVOCATION_NOTIFICATION"
102-->[com.google.android.gms:play-services-auth:20.0.0] AndroidManifest.xml:36:13-107
103            android:visibleToInstantApps="true" />
103-->[com.google.android.gms:play-services-auth:20.0.0] AndroidManifest.xml:37:13-48
104
105        <activity
105-->[com.facebook.android:audience-network-sdk:6.2.1] AndroidManifest.xml:15:9-19:75
106            android:name="com.facebook.ads.AudienceNetworkActivity"
106-->[com.facebook.android:audience-network-sdk:6.2.1] AndroidManifest.xml:16:13-68
107            android:configChanges="keyboardHidden|orientation|screenSize"
107-->[com.facebook.android:audience-network-sdk:6.2.1] AndroidManifest.xml:17:13-74
108            android:exported="false"
108-->[com.facebook.android:audience-network-sdk:6.2.1] AndroidManifest.xml:18:13-37
109            android:theme="@android:style/Theme.Translucent.NoTitleBar" />
109-->[com.facebook.android:audience-network-sdk:6.2.1] AndroidManifest.xml:19:13-72
110
111        <provider
111-->[com.facebook.android:audience-network-sdk:6.2.1] AndroidManifest.xml:21:9-24:40
112            android:name="com.facebook.ads.AudienceNetworkContentProvider"
112-->[com.facebook.android:audience-network-sdk:6.2.1] AndroidManifest.xml:22:13-75
113            android:authorities="com.sarino.rojo.m1p9.itu.mahaiaw.AudienceNetworkContentProvider"
113-->[com.facebook.android:audience-network-sdk:6.2.1] AndroidManifest.xml:23:13-82
114            android:exported="false" />
114-->[com.facebook.android:audience-network-sdk:6.2.1] AndroidManifest.xml:24:13-37
115
116        <receiver
116-->[com.google.firebase:firebase-messaging:23.0.5] AndroidManifest.xml:31:9-38:20
117            android:name="com.google.firebase.iid.FirebaseInstanceIdReceiver"
117-->[com.google.firebase:firebase-messaging:23.0.5] AndroidManifest.xml:32:13-78
118            android:exported="true"
118-->[com.google.firebase:firebase-messaging:23.0.5] AndroidManifest.xml:33:13-36
119            android:permission="com.google.android.c2dm.permission.SEND" >
119-->[com.google.firebase:firebase-messaging:23.0.5] AndroidManifest.xml:34:13-73
120            <intent-filter>
120-->[com.google.firebase:firebase-messaging:23.0.5] AndroidManifest.xml:35:13-37:29
121                <action android:name="com.google.android.c2dm.intent.RECEIVE" />
121-->[com.google.firebase:firebase-messaging:23.0.5] AndroidManifest.xml:36:17-81
121-->[com.google.firebase:firebase-messaging:23.0.5] AndroidManifest.xml:36:25-78
122            </intent-filter>
123        </receiver>
124        <!--
125             FirebaseMessagingService performs security checks at runtime,
126             but set to not exported to explicitly avoid allowing another app to call it.
127        -->
128        <service
128-->[com.google.firebase:firebase-messaging:23.0.5] AndroidManifest.xml:44:9-51:19
129            android:name="com.google.firebase.messaging.FirebaseMessagingService"
129-->[com.google.firebase:firebase-messaging:23.0.5] AndroidManifest.xml:45:13-82
130            android:directBootAware="true"
130-->[com.google.firebase:firebase-messaging:23.0.5] AndroidManifest.xml:46:13-43
131            android:exported="false" >
131-->[com.google.firebase:firebase-messaging:23.0.5] AndroidManifest.xml:47:13-37
132            <intent-filter android:priority="-500" >
132-->[com.google.firebase:firebase-messaging:23.0.5] AndroidManifest.xml:48:13-50:29
132-->[com.google.firebase:firebase-messaging:23.0.5] AndroidManifest.xml:48:28-51
133                <action android:name="com.google.firebase.MESSAGING_EVENT" />
133-->[com.google.firebase:firebase-messaging:23.0.5] AndroidManifest.xml:49:17-78
133-->[com.google.firebase:firebase-messaging:23.0.5] AndroidManifest.xml:49:25-75
134            </intent-filter>
135        </service>
136        <service
136-->[com.google.firebase:firebase-messaging:23.0.5] AndroidManifest.xml:52:9-58:19
137            android:name="com.google.firebase.components.ComponentDiscoveryService"
137-->[com.google.firebase:firebase-messaging:23.0.5] AndroidManifest.xml:53:13-84
138            android:directBootAware="true"
138-->[com.google.firebase:firebase-common:20.1.1] AndroidManifest.xml:35:13-43
139            android:exported="false" >
139-->[com.google.firebase:firebase-messaging:23.0.5] AndroidManifest.xml:54:13-37
140            <meta-data
140-->[com.google.firebase:firebase-messaging:23.0.5] AndroidManifest.xml:55:13-57:85
141                android:name="com.google.firebase.components:com.google.firebase.messaging.FirebaseMessagingRegistrar"
141-->[com.google.firebase:firebase-messaging:23.0.5] AndroidManifest.xml:56:17-119
142                android:value="com.google.firebase.components.ComponentRegistrar" />
142-->[com.google.firebase:firebase-messaging:23.0.5] AndroidManifest.xml:57:17-82
143            <meta-data
143-->[com.google.android.gms:play-services-measurement-api:21.0.0] AndroidManifest.xml:31:13-33:85
144                android:name="com.google.firebase.components:com.google.firebase.analytics.connector.internal.AnalyticsConnectorRegistrar"
144-->[com.google.android.gms:play-services-measurement-api:21.0.0] AndroidManifest.xml:32:17-139
145                android:value="com.google.firebase.components.ComponentRegistrar" />
145-->[com.google.android.gms:play-services-measurement-api:21.0.0] AndroidManifest.xml:33:17-82
146            <meta-data
146-->[com.google.firebase:firebase-datatransport:18.1.4] AndroidManifest.xml:28:13-30:85
147                android:name="com.google.firebase.components:com.google.firebase.datatransport.TransportRegistrar"
147-->[com.google.firebase:firebase-datatransport:18.1.4] AndroidManifest.xml:29:17-115
148                android:value="com.google.firebase.components.ComponentRegistrar" />
148-->[com.google.firebase:firebase-datatransport:18.1.4] AndroidManifest.xml:30:17-82
149            <meta-data
149-->[com.google.firebase:firebase-installations:17.0.1] AndroidManifest.xml:18:13-20:85
150                android:name="com.google.firebase.components:com.google.firebase.installations.FirebaseInstallationsRegistrar"
150-->[com.google.firebase:firebase-installations:17.0.1] AndroidManifest.xml:19:17-127
151                android:value="com.google.firebase.components.ComponentRegistrar" />
151-->[com.google.firebase:firebase-installations:17.0.1] AndroidManifest.xml:20:17-82
152        </service>
153
154        <receiver
154-->[com.google.android.gms:play-services-measurement:21.0.0] AndroidManifest.xml:29:9-33:20
155            android:name="com.google.android.gms.measurement.AppMeasurementReceiver"
155-->[com.google.android.gms:play-services-measurement:21.0.0] AndroidManifest.xml:30:13-85
156            android:enabled="true"
156-->[com.google.android.gms:play-services-measurement:21.0.0] AndroidManifest.xml:31:13-35
157            android:exported="false" >
157-->[com.google.android.gms:play-services-measurement:21.0.0] AndroidManifest.xml:32:13-37
158        </receiver>
159
160        <service
160-->[com.google.android.gms:play-services-measurement:21.0.0] AndroidManifest.xml:35:9-38:40
161            android:name="com.google.android.gms.measurement.AppMeasurementService"
161-->[com.google.android.gms:play-services-measurement:21.0.0] AndroidManifest.xml:36:13-84
162            android:enabled="true"
162-->[com.google.android.gms:play-services-measurement:21.0.0] AndroidManifest.xml:37:13-35
163            android:exported="false" />
163-->[com.google.android.gms:play-services-measurement:21.0.0] AndroidManifest.xml:38:13-37
164        <service
164-->[com.google.android.gms:play-services-measurement:21.0.0] AndroidManifest.xml:39:9-43:72
165            android:name="com.google.android.gms.measurement.AppMeasurementJobService"
165-->[com.google.android.gms:play-services-measurement:21.0.0] AndroidManifest.xml:40:13-87
166            android:enabled="true"
166-->[com.google.android.gms:play-services-measurement:21.0.0] AndroidManifest.xml:41:13-35
167            android:exported="false"
167-->[com.google.android.gms:play-services-measurement:21.0.0] AndroidManifest.xml:42:13-37
168            android:permission="android.permission.BIND_JOB_SERVICE" />
168-->[com.google.android.gms:play-services-measurement:21.0.0] AndroidManifest.xml:43:13-69
169
170        <activity
170-->[com.google.android.gms:play-services-base:18.0.1] AndroidManifest.xml:20:9-22:45
171            android:name="com.google.android.gms.common.api.GoogleApiActivity"
171-->[com.google.android.gms:play-services-base:18.0.1] AndroidManifest.xml:20:19-85
172            android:exported="false"
172-->[com.google.android.gms:play-services-base:18.0.1] AndroidManifest.xml:22:19-43
173            android:theme="@android:style/Theme.Translucent.NoTitleBar" />
173-->[com.google.android.gms:play-services-base:18.0.1] AndroidManifest.xml:21:19-78
174
175        <provider
175-->[com.google.firebase:firebase-common:20.1.1] AndroidManifest.xml:26:9-31:39
176            android:name="com.google.firebase.provider.FirebaseInitProvider"
176-->[com.google.firebase:firebase-common:20.1.1] AndroidManifest.xml:27:13-77
177            android:authorities="com.sarino.rojo.m1p9.itu.mahaiaw.firebaseinitprovider"
177-->[com.google.firebase:firebase-common:20.1.1] AndroidManifest.xml:28:13-72
178            android:directBootAware="true"
178-->[com.google.firebase:firebase-common:20.1.1] AndroidManifest.xml:29:13-43
179            android:exported="false"
179-->[com.google.firebase:firebase-common:20.1.1] AndroidManifest.xml:30:13-37
180            android:initOrder="100" /> <!-- Include the AdActivity and InAppPurchaseActivity configChanges and themes. -->
180-->[com.google.firebase:firebase-common:20.1.1] AndroidManifest.xml:31:13-36
181        <activity
181-->[com.google.android.gms:play-services-ads-lite:20.6.0] AndroidManifest.xml:49:9-53:64
182            android:name="com.google.android.gms.ads.AdActivity"
182-->[com.google.android.gms:play-services-ads-lite:20.6.0] AndroidManifest.xml:50:13-65
183            android:configChanges="keyboard|keyboardHidden|orientation|screenLayout|uiMode|screenSize|smallestScreenSize"
183-->[com.google.android.gms:play-services-ads-lite:20.6.0] AndroidManifest.xml:51:13-122
184            android:exported="false"
184-->[com.google.android.gms:play-services-ads-lite:20.6.0] AndroidManifest.xml:52:13-37
185            android:theme="@android:style/Theme.Translucent" />
185-->[com.google.android.gms:play-services-ads-lite:20.6.0] AndroidManifest.xml:53:13-61
186
187        <provider
187-->[com.google.android.gms:play-services-ads-lite:20.6.0] AndroidManifest.xml:55:9-59:39
188            android:name="com.google.android.gms.ads.MobileAdsInitProvider"
188-->[com.google.android.gms:play-services-ads-lite:20.6.0] AndroidManifest.xml:56:13-76
189            android:authorities="com.sarino.rojo.m1p9.itu.mahaiaw.mobileadsinitprovider"
189-->[com.google.android.gms:play-services-ads-lite:20.6.0] AndroidManifest.xml:57:13-73
190            android:exported="false"
190-->[com.google.android.gms:play-services-ads-lite:20.6.0] AndroidManifest.xml:58:13-37
191            android:initOrder="100" />
191-->[com.google.android.gms:play-services-ads-lite:20.6.0] AndroidManifest.xml:59:13-36
192
193        <service
193-->[com.google.android.gms:play-services-ads-lite:20.6.0] AndroidManifest.xml:61:9-64:40
194            android:name="com.google.android.gms.ads.AdService"
194-->[com.google.android.gms:play-services-ads-lite:20.6.0] AndroidManifest.xml:62:13-64
195            android:enabled="true"
195-->[com.google.android.gms:play-services-ads-lite:20.6.0] AndroidManifest.xml:63:13-35
196            android:exported="false" />
196-->[com.google.android.gms:play-services-ads-lite:20.6.0] AndroidManifest.xml:64:13-37
197
198        <provider
198-->[androidx.emoji2:emoji2:1.0.0] AndroidManifest.xml:26:9-34:20
199            android:name="androidx.startup.InitializationProvider"
199-->[androidx.emoji2:emoji2:1.0.0] AndroidManifest.xml:27:13-67
200            android:authorities="com.sarino.rojo.m1p9.itu.mahaiaw.androidx-startup"
200-->[androidx.emoji2:emoji2:1.0.0] AndroidManifest.xml:28:13-68
201            android:exported="false" >
201-->[androidx.emoji2:emoji2:1.0.0] AndroidManifest.xml:29:13-37
202            <meta-data
202-->[androidx.emoji2:emoji2:1.0.0] AndroidManifest.xml:31:13-33:52
203                android:name="androidx.emoji2.text.EmojiCompatInitializer"
203-->[androidx.emoji2:emoji2:1.0.0] AndroidManifest.xml:32:17-75
204                android:value="androidx.startup" />
204-->[androidx.emoji2:emoji2:1.0.0] AndroidManifest.xml:33:17-49
205            <meta-data
205-->[androidx.work:work-runtime:2.7.0] AndroidManifest.xml:36:13-38:52
206                android:name="androidx.work.WorkManagerInitializer"
206-->[androidx.work:work-runtime:2.7.0] AndroidManifest.xml:37:17-68
207                android:value="androidx.startup" />
207-->[androidx.work:work-runtime:2.7.0] AndroidManifest.xml:38:17-49
208            <meta-data
208-->[androidx.lifecycle:lifecycle-process:2.4.0] AndroidManifest.xml:31:13-33:52
209                android:name="androidx.lifecycle.ProcessLifecycleInitializer"
209-->[androidx.lifecycle:lifecycle-process:2.4.0] AndroidManifest.xml:32:17-78
210                android:value="androidx.startup" />
210-->[androidx.lifecycle:lifecycle-process:2.4.0] AndroidManifest.xml:33:17-49
211        </provider>
212
213        <service
213-->[androidx.work:work-runtime:2.7.0] AndroidManifest.xml:41:9-46:35
214            android:name="androidx.work.impl.background.systemalarm.SystemAlarmService"
214-->[androidx.work:work-runtime:2.7.0] AndroidManifest.xml:42:13-88
215            android:directBootAware="false"
215-->[androidx.work:work-runtime:2.7.0] AndroidManifest.xml:43:13-44
216            android:enabled="@bool/enable_system_alarm_service_default"
216-->[androidx.work:work-runtime:2.7.0] AndroidManifest.xml:44:13-72
217            android:exported="false" />
217-->[androidx.work:work-runtime:2.7.0] AndroidManifest.xml:45:13-37
218        <service
218-->[androidx.work:work-runtime:2.7.0] AndroidManifest.xml:47:9-53:35
219            android:name="androidx.work.impl.background.systemjob.SystemJobService"
219-->[androidx.work:work-runtime:2.7.0] AndroidManifest.xml:48:13-84
220            android:directBootAware="false"
220-->[androidx.work:work-runtime:2.7.0] AndroidManifest.xml:49:13-44
221            android:enabled="@bool/enable_system_job_service_default"
221-->[androidx.work:work-runtime:2.7.0] AndroidManifest.xml:50:13-70
222            android:exported="true"
222-->[androidx.work:work-runtime:2.7.0] AndroidManifest.xml:51:13-36
223            android:permission="android.permission.BIND_JOB_SERVICE" />
223-->[androidx.work:work-runtime:2.7.0] AndroidManifest.xml:52:13-69
224        <service
224-->[androidx.work:work-runtime:2.7.0] AndroidManifest.xml:54:9-59:35
225            android:name="androidx.work.impl.foreground.SystemForegroundService"
225-->[androidx.work:work-runtime:2.7.0] AndroidManifest.xml:55:13-81
226            android:directBootAware="false"
226-->[androidx.work:work-runtime:2.7.0] AndroidManifest.xml:56:13-44
227            android:enabled="@bool/enable_system_foreground_service_default"
227-->[androidx.work:work-runtime:2.7.0] AndroidManifest.xml:57:13-77
228            android:exported="false" />
228-->[androidx.work:work-runtime:2.7.0] AndroidManifest.xml:58:13-37
229
230        <receiver
230-->[androidx.work:work-runtime:2.7.0] AndroidManifest.xml:61:9-66:35
231            android:name="androidx.work.impl.utils.ForceStopRunnable$BroadcastReceiver"
231-->[androidx.work:work-runtime:2.7.0] AndroidManifest.xml:62:13-88
232            android:directBootAware="false"
232-->[androidx.work:work-runtime:2.7.0] AndroidManifest.xml:63:13-44
233            android:enabled="true"
233-->[androidx.work:work-runtime:2.7.0] AndroidManifest.xml:64:13-35
234            android:exported="false" />
234-->[androidx.work:work-runtime:2.7.0] AndroidManifest.xml:65:13-37
235        <receiver
235-->[androidx.work:work-runtime:2.7.0] AndroidManifest.xml:67:9-77:20
236            android:name="androidx.work.impl.background.systemalarm.ConstraintProxy$BatteryChargingProxy"
236-->[androidx.work:work-runtime:2.7.0] AndroidManifest.xml:68:13-106
237            android:directBootAware="false"
237-->[androidx.work:work-runtime:2.7.0] AndroidManifest.xml:69:13-44
238            android:enabled="false"
238-->[androidx.work:work-runtime:2.7.0] AndroidManifest.xml:70:13-36
239            android:exported="false" >
239-->[androidx.work:work-runtime:2.7.0] AndroidManifest.xml:71:13-37
240            <intent-filter>
240-->[androidx.work:work-runtime:2.7.0] AndroidManifest.xml:73:13-76:29
241                <action android:name="android.intent.action.ACTION_POWER_CONNECTED" />
241-->[androidx.work:work-runtime:2.7.0] AndroidManifest.xml:74:17-87
241-->[androidx.work:work-runtime:2.7.0] AndroidManifest.xml:74:25-84
242                <action android:name="android.intent.action.ACTION_POWER_DISCONNECTED" />
242-->[androidx.work:work-runtime:2.7.0] AndroidManifest.xml:75:17-90
242-->[androidx.work:work-runtime:2.7.0] AndroidManifest.xml:75:25-87
243            </intent-filter>
244        </receiver>
245        <receiver
245-->[androidx.work:work-runtime:2.7.0] AndroidManifest.xml:78:9-88:20
246            android:name="androidx.work.impl.background.systemalarm.ConstraintProxy$BatteryNotLowProxy"
246-->[androidx.work:work-runtime:2.7.0] AndroidManifest.xml:79:13-104
247            android:directBootAware="false"
247-->[androidx.work:work-runtime:2.7.0] AndroidManifest.xml:80:13-44
248            android:enabled="false"
248-->[androidx.work:work-runtime:2.7.0] AndroidManifest.xml:81:13-36
249            android:exported="false" >
249-->[androidx.work:work-runtime:2.7.0] AndroidManifest.xml:82:13-37
250            <intent-filter>
250-->[androidx.work:work-runtime:2.7.0] AndroidManifest.xml:84:13-87:29
251                <action android:name="android.intent.action.BATTERY_OKAY" />
251-->[androidx.work:work-runtime:2.7.0] AndroidManifest.xml:85:17-77
251-->[androidx.work:work-runtime:2.7.0] AndroidManifest.xml:85:25-74
252                <action android:name="android.intent.action.BATTERY_LOW" />
252-->[androidx.work:work-runtime:2.7.0] AndroidManifest.xml:86:17-76
252-->[androidx.work:work-runtime:2.7.0] AndroidManifest.xml:86:25-73
253            </intent-filter>
254        </receiver>
255        <receiver
255-->[androidx.work:work-runtime:2.7.0] AndroidManifest.xml:89:9-99:20
256            android:name="androidx.work.impl.background.systemalarm.ConstraintProxy$StorageNotLowProxy"
256-->[androidx.work:work-runtime:2.7.0] AndroidManifest.xml:90:13-104
257            android:directBootAware="false"
257-->[androidx.work:work-runtime:2.7.0] AndroidManifest.xml:91:13-44
258            android:enabled="false"
258-->[androidx.work:work-runtime:2.7.0] AndroidManifest.xml:92:13-36
259            android:exported="false" >
259-->[androidx.work:work-runtime:2.7.0] AndroidManifest.xml:93:13-37
260            <intent-filter>
260-->[androidx.work:work-runtime:2.7.0] AndroidManifest.xml:95:13-98:29
261                <action android:name="android.intent.action.DEVICE_STORAGE_LOW" />
261-->[androidx.work:work-runtime:2.7.0] AndroidManifest.xml:96:17-83
261-->[androidx.work:work-runtime:2.7.0] AndroidManifest.xml:96:25-80
262                <action android:name="android.intent.action.DEVICE_STORAGE_OK" />
262-->[androidx.work:work-runtime:2.7.0] AndroidManifest.xml:97:17-82
262-->[androidx.work:work-runtime:2.7.0] AndroidManifest.xml:97:25-79
263            </intent-filter>
264        </receiver>
265        <receiver
265-->[androidx.work:work-runtime:2.7.0] AndroidManifest.xml:100:9-109:20
266            android:name="androidx.work.impl.background.systemalarm.ConstraintProxy$NetworkStateProxy"
266-->[androidx.work:work-runtime:2.7.0] AndroidManifest.xml:101:13-103
267            android:directBootAware="false"
267-->[androidx.work:work-runtime:2.7.0] AndroidManifest.xml:102:13-44
268            android:enabled="false"
268-->[androidx.work:work-runtime:2.7.0] AndroidManifest.xml:103:13-36
269            android:exported="false" >